2025-08-09 14:53:16 - Sayori - INFO - Ассистент Sayori готов к работе!
2025-08-09 14:53:16 - Sayori - INFO - Ассистент Sayori готов к работе!
2025-08-09 14:53:16 - Sayori - INFO - Сайори v1.0 инициализирована...
2025-08-09 14:53:16 - Sayori - INFO - Сайори v1.0 инициализирована...
2025-08-09 14:53:16 - Sayori - INFO - Запуск приветствия
2025-08-09 14:53:16 - Sayori - INFO - Запуск приветствия
2025-08-09 14:53:16 - Sayori - INFO - Приветствие завершено
2025-08-09 14:53:16 - Sayori - INFO - Приветствие завершено
2025-08-09 14:53:16 - Sayori - INFO - Система запущена!
2025-08-09 14:53:16 - Sayori - INFO - Система запущена!
2025-08-09 14:53:54 - Sayori - ERROR - Ошибка обработки команд: 'Assistant' object has no attribute 'process_command'
2025-08-09 14:53:54 - Sayori - ERROR - Ошибка обработки команд: 'Assistant' object has no attribute 'process_command'
2025-08-09 14:55:19 - Sayori - ERROR - Ошибка обработки команд: 'Assistant' object has no attribute 'process_command'
2025-08-09 14:55:19 - Sayori - ERROR - Ошибка обработки команд: 'Assistant' object has no attribute 'process_command'
2025-08-09 14:55:36 - Sayori - ERROR - Ошибка обработки команд: 'Assistant' object has no attribute 'process_command'
2025-08-09 14:55:36 - Sayori - ERROR - Ошибка обработки команд: 'Assistant' object has no attribute 'process_command'
2025-08-09 15:01:52 - Sayori - ERROR - Ошибка обработки команд: 'Assistant' object has no attribute 'process_command'
2025-08-09 15:01:52 - Sayori - ERROR - Ошибка обработки команд: 'Assistant' object has no attribute 'process_command'
2025-08-09 15:01:57 - Sayori - ERROR - Ошибка обработки команд: 'Assistant' object has no attribute 'process_command'
2025-08-09 15:01:57 - Sayori - ERROR - Ошибка обработки команд: 'Assistant' object has no attribute 'process_command'
2025-08-09 15:02:05 - Sayori - ERROR - Ошибка обработки команд: 'Assistant' object has no attribute 'process_command'
2025-08-09 15:02:05 - Sayori - ERROR - Ошибка обработки команд: 'Assistant' object has no attribute 'process_command'
2025-08-09 15:02:12 - Sayori - ERROR - Ошибка обработки команд: 'Assistant' object has no attribute 'process_command'
2025-08-09 15:02:12 - Sayori - ERROR - Ошибка обработки команд: 'Assistant' object has no attribute 'process_command'
2025-08-09 15:02:17 - Sayori - ERROR - Ошибка обработки команд: 'Assistant' object has no attribute 'process_command'
2025-08-09 15:02:17 - Sayori - ERROR - Ошибка обработки команд: 'Assistant' object has no attribute 'process_command'
2025-08-09 15:02:27 - Sayori - ERROR - Ошибка обработки команд: 'Assistant' object has no attribute 'process_command'
2025-08-09 15:02:27 - Sayori - ERROR - Ошибка обработки команд: 'Assistant' object has no attribute 'process_command'
2025-08-09 15:02:40 - Sayori - ERROR - Ошибка обработки команд: 'Assistant' object has no attribute 'process_command'
2025-08-09 15:02:40 - Sayori - ERROR - Ошибка обработки команд: 'Assistant' object has no attribute 'process_command'
2025-08-09 15:02:48 - Sayori - ERROR - Ошибка обработки команд: 'Assistant' object has no attribute 'process_command'
2025-08-09 15:02:48 - Sayori - ERROR - Ошибка обработки команд: 'Assistant' object has no attribute 'process_command'
2025-08-09 15:02:57 - Sayori - ERROR - Ошибка обработки команд: 'Assistant' object has no attribute 'process_command'
2025-08-09 15:02:57 - Sayori - ERROR - Ошибка обработки команд: 'Assistant' object has no attribute 'process_command'
2025-08-09 15:03:07 - Sayori - ERROR - Ошибка обработки команд: 'Assistant' object has no attribute 'process_command'
2025-08-09 15:03:07 - Sayori - ERROR - Ошибка обработки команд: 'Assistant' object has no attribute 'process_command'
2025-08-09 15:03:17 - Sayori - ERROR - Ошибка обработки команд: 'Assistant' object has no attribute 'process_command'
2025-08-09 15:03:17 - Sayori - ERROR - Ошибка обработки команд: 'Assistant' object has no attribute 'process_command'
2025-08-09 15:03:28 - Sayori - ERROR - Ошибка обработки команд: 'Assistant' object has no attribute 'process_command'
2025-08-09 15:03:28 - Sayori - ERROR - Ошибка обработки команд: 'Assistant' object has no attribute 'process_command'
2025-08-09 15:03:39 - Sayori - ERROR - Ошибка обработки команд: 'Assistant' object has no attribute 'process_command'
2025-08-09 15:03:39 - Sayori - ERROR - Ошибка обработки команд: 'Assistant' object has no attribute 'process_command'
2025-08-09 15:03:47 - Sayori - ERROR - Ошибка обработки команд: 'Assistant' object has no attribute 'process_command'
2025-08-09 15:03:47 - Sayori - ERROR - Ошибка обработки команд: 'Assistant' object has no attribute 'process_command'
2025-08-09 15:03:52 - Sayori - ERROR - Ошибка обработки команд: 'Assistant' object has no attribute 'process_command'
2025-08-09 15:03:52 - Sayori - ERROR - Ошибка обработки команд: 'Assistant' object has no attribute 'process_command'
2025-08-09 15:04:00 - Sayori - ERROR - Ошибка обработки команд: 'Assistant' object has no attribute 'process_command'
2025-08-09 15:04:00 - Sayori - ERROR - Ошибка обработки команд: 'Assistant' object has no attribute 'process_command'
2025-08-09 15:04:09 - Sayori - ERROR - Ошибка обработки команд: 'Assistant' object has no attribute 'process_command'
2025-08-09 15:04:09 - Sayori - ERROR - Ошибка обработки команд: 'Assistant' object has no attribute 'process_command'
2025-08-09 15:04:15 - Sayori - ERROR - Ошибка обработки команд: 'Assistant' object has no attribute 'process_command'
2025-08-09 15:04:15 - Sayori - ERROR - Ошибка обработки команд: 'Assistant' object has no attribute 'process_command'
2025-08-09 15:04:21 - Sayori - ERROR - Ошибка обработки команд: 'Assistant' object has no attribute 'process_command'
2025-08-09 15:04:21 - Sayori - ERROR - Ошибка обработки команд: 'Assistant' object has no attribute 'process_command'
2025-08-09 15:04:29 - Sayori - ERROR - Ошибка обработки команд: 'Assistant' object has no attribute 'process_command'
2025-08-09 15:04:29 - Sayori - ERROR - Ошибка обработки команд: 'Assistant' object has no attribute 'process_command'
2025-08-09 15:04:38 - Sayori - ERROR - Ошибка обработки команд: 'Assistant' object has no attribute 'process_command'
2025-08-09 15:04:38 - Sayori - ERROR - Ошибка обработки команд: 'Assistant' object has no attribute 'process_command'
2025-08-09 15:04:42 - Sayori - ERROR - Ошибка обработки команд: 'Assistant' object has no attribute 'process_command'
2025-08-09 15:04:42 - Sayori - ERROR - Ошибка обработки команд: 'Assistant' object has no attribute 'process_command'
2025-08-09 15:04:53 - Sayori - ERROR - Ошибка обработки команд: 'Assistant' object has no attribute 'process_command'
2025-08-09 15:04:53 - Sayori - ERROR - Ошибка обработки команд: 'Assistant' object has no attribute 'process_command'
2025-08-09 15:05:04 - Sayori - ERROR - Ошибка обработки команд: 'Assistant' object has no attribute 'process_command'
2025-08-09 15:05:04 - Sayori - ERROR - Ошибка обработки команд: 'Assistant' object has no attribute 'process_command'
2025-08-09 15:05:12 - Sayori - ERROR - Ошибка обработки команд: 'Assistant' object has no attribute 'process_command'
2025-08-09 15:05:12 - Sayori - ERROR - Ошибка обработки команд: 'Assistant' object has no attribute 'process_command'
2025-08-09 15:05:20 - Sayori - ERROR - Ошибка обработки команд: 'Assistant' object has no attribute 'process_command'
2025-08-09 15:05:20 - Sayori - ERROR - Ошибка обработки команд: 'Assistant' object has no attribute 'process_command'
2025-08-09 15:05:24 - Sayori - ERROR - Ошибка обработки команд: 'Assistant' object has no attribute 'process_command'
2025-08-09 15:05:24 - Sayori - ERROR - Ошибка обработки команд: 'Assistant' object has no attribute 'process_command'
2025-08-09 15:05:35 - Sayori - ERROR - Ошибка обработки команд: 'Assistant' object has no attribute 'process_command'
2025-08-09 15:05:35 - Sayori - ERROR - Ошибка обработки команд: 'Assistant' object has no attribute 'process_command'
2025-08-09 15:05:49 - Sayori - ERROR - Ошибка обработки команд: 'Assistant' object has no attribute 'process_command'
2025-08-09 15:05:49 - Sayori - ERROR - Ошибка обработки команд: 'Assistant' object has no attribute 'process_command'
2025-08-09 15:05:57 - Sayori - ERROR - Ошибка обработки команд: 'Assistant' object has no attribute 'process_command'
2025-08-09 15:05:57 - Sayori - ERROR - Ошибка обработки команд: 'Assistant' object has no attribute 'process_command'
2025-08-09 15:06:04 - Sayori - ERROR - Ошибка обработки команд: 'Assistant' object has no attribute 'process_command'
2025-08-09 15:06:04 - Sayori - ERROR - Ошибка обработки команд: 'Assistant' object has no attribute 'process_command'
2025-08-09 15:06:18 - Sayori - ERROR - Ошибка обработки команд: 'Assistant' object has no attribute 'process_command'
2025-08-09 15:06:18 - Sayori - ERROR - Ошибка обработки команд: 'Assistant' object has no attribute 'process_command'
2025-08-09 15:06:26 - Sayori - ERROR - Ошибка обработки команд: 'Assistant' object has no attribute 'process_command'
2025-08-09 15:06:26 - Sayori - ERROR - Ошибка обработки команд: 'Assistant' object has no attribute 'process_command'
2025-08-09 15:06:30 - Sayori - ERROR - Ошибка обработки команд: 'Assistant' object has no attribute 'process_command'
2025-08-09 15:06:30 - Sayori - ERROR - Ошибка обработки команд: 'Assistant' object has no attribute 'process_command'
2025-08-09 15:06:33 - Sayori - ERROR - Ошибка обработки команд: 'Assistant' object has no attribute 'process_command'
2025-08-09 15:06:33 - Sayori - ERROR - Ошибка обработки команд: 'Assistant' object has no attribute 'process_command'
2025-08-09 15:06:42 - Sayori - ERROR - Ошибка обработки команд: 'Assistant' object has no attribute 'process_command'
2025-08-09 15:06:42 - Sayori - ERROR - Ошибка обработки команд: 'Assistant' object has no attribute 'process_command'
2025-08-09 15:06:56 - Sayori - ERROR - Ошибка обработки команд: 'Assistant' object has no attribute 'process_command'
2025-08-09 15:06:56 - Sayori - ERROR - Ошибка обработки команд: 'Assistant' object has no attribute 'process_command'
2025-08-09 15:07:05 - Sayori - ERROR - Ошибка обработки команд: 'Assistant' object has no attribute 'process_command'
2025-08-09 15:07:05 - Sayori - ERROR - Ошибка обработки команд: 'Assistant' object has no attribute 'process_command'
2025-08-09 15:07:10 - Sayori - ERROR - Ошибка обработки команд: 'Assistant' object has no attribute 'process_command'
2025-08-09 15:07:10 - Sayori - ERROR - Ошибка обработки команд: 'Assistant' object has no attribute 'process_command'
2025-08-09 15:07:21 - Sayori - ERROR - Ошибка обработки команд: 'Assistant' object has no attribute 'process_command'
2025-08-09 15:07:21 - Sayori - ERROR - Ошибка обработки команд: 'Assistant' object has no attribute 'process_command'
2025-08-09 15:07:34 - Sayori - ERROR - Ошибка обработки команд: 'Assistant' object has no attribute 'process_command'
2025-08-09 15:07:34 - Sayori - ERROR - Ошибка обработки команд: 'Assistant' object has no attribute 'process_command'
2025-08-09 15:07:38 - Sayori - ERROR - Ошибка обработки команд: 'Assistant' object has no attribute 'process_command'
2025-08-09 15:07:38 - Sayori - ERROR - Ошибка обработки команд: 'Assistant' object has no attribute 'process_command'
2025-08-09 15:07:54 - Sayori - ERROR - Ошибка обработки команд: 'Assistant' object has no attribute 'process_command'
2025-08-09 15:07:54 - Sayori - ERROR - Ошибка обработки команд: 'Assistant' object has no attribute 'process_command'
2025-08-09 15:08:06 - Sayori - ERROR - Ошибка обработки команд: 'Assistant' object has no attribute 'process_command'
2025-08-09 15:08:06 - Sayori - ERROR - Ошибка обработки команд: 'Assistant' object has no attribute 'process_command'
2025-08-09 15:08:17 - Sayori - ERROR - Ошибка обработки команд: 'Assistant' object has no attribute 'process_command'
2025-08-09 15:08:17 - Sayori - ERROR - Ошибка обработки команд: 'Assistant' object has no attribute 'process_command'
